2025-03-05 03:22:05,220 [INFO] Loading Training dataset...
2025-03-05 03:22:05,270 [INFO] Training dataset size: 2152
2025-03-05 03:22:05,270 [INFO] Loading Validation dataset...
2025-03-05 03:22:05,299 [INFO] Validation dataset size: 1341
2025-03-05 03:22:05,723 [INFO] Start training...
2025-03-05 03:22:06,310 [INFO] Epoch 1, Loss: 1.3653033445863163, Accuracy: 48.98%, F1 Score: 0.48, Validation Loss: 1.140315348193759, Validation Accuracy: 55.18%, Validation F1 Score: 0.52
2025-03-05 03:22:06,782 [INFO] Epoch 2, Loss: 0.699511014363345, Accuracy: 72.68%, F1 Score: 0.72, Validation Loss: 0.9469501801899501, Validation Accuracy: 65.03%, Validation F1 Score: 0.65
2025-03-05 03:22:07,267 [INFO] Epoch 3, Loss: 0.4464792267364614, Accuracy: 83.18%, F1 Score: 0.83, Validation Loss: 0.8179030801568713, Validation Accuracy: 70.40%, Validation F1 Score: 0.69
2025-03-05 03:22:07,814 [INFO] Epoch 4, Loss: 0.3326713986256543, Accuracy: 87.92%, F1 Score: 0.88, Validation Loss: 0.8017672655128297, Validation Accuracy: 71.51%, Validation F1 Score: 0.71
2025-03-05 03:22:08,290 [INFO] Epoch 5, Loss: 0.27131324568215537, Accuracy: 89.68%, F1 Score: 0.89, Validation Loss: 0.8353511733668191, Validation Accuracy: 68.90%, Validation F1 Score: 0.66
2025-03-05 03:22:08,808 [INFO] Epoch 6, Loss: 0.21559972710469189, Accuracy: 92.10%, F1 Score: 0.92, Validation Loss: 0.721904286316463, Validation Accuracy: 75.54%, Validation F1 Score: 0.75
2025-03-05 03:22:09,307 [INFO] Epoch 7, Loss: 0.16676635382806554, Accuracy: 94.01%, F1 Score: 0.94, Validation Loss: 0.792285741794677, Validation Accuracy: 73.23%, Validation F1 Score: 0.72
2025-03-05 03:22:09,884 [INFO] Epoch 8, Loss: 0.16198124670807054, Accuracy: 93.87%, F1 Score: 0.94, Validation Loss: 0.7588283291884831, Validation Accuracy: 75.54%, Validation F1 Score: 0.74
2025-03-05 03:22:10,358 [INFO] Epoch 9, Loss: 0.19412637195166418, Accuracy: 93.03%, F1 Score: 0.93, Validation Loss: 0.926157622110276, Validation Accuracy: 68.61%, Validation F1 Score: 0.68
2025-03-05 03:22:10,830 [INFO] Epoch 10, Loss: 0.21379106404150233, Accuracy: 91.31%, F1 Score: 0.91, Validation Loss: 0.913069425594239, Validation Accuracy: 68.75%, Validation F1 Score: 0.67
2025-03-05 03:22:11,387 [INFO] Epoch 11, Loss: 0.11106409099610413, Accuracy: 96.61%, F1 Score: 0.97, Validation Loss: 0.7729931757563636, Validation Accuracy: 75.54%, Validation F1 Score: 0.75
2025-03-05 03:22:11,860 [INFO] Epoch 12, Loss: 0.07843312084236566, Accuracy: 97.49%, F1 Score: 0.97, Validation Loss: 0.9123637392407372, Validation Accuracy: 72.26%, Validation F1 Score: 0.72
2025-03-05 03:22:12,375 [INFO] Epoch 13, Loss: 0.060947503675432765, Accuracy: 98.61%, F1 Score: 0.99, Validation Loss: 0.8120897937388647, Validation Accuracy: 75.69%, Validation F1 Score: 0.76
2025-03-05 03:22:12,849 [INFO] Epoch 14, Loss: 0.04365992129725568, Accuracy: 98.70%, F1 Score: 0.99, Validation Loss: 0.8868038058280945, Validation Accuracy: 74.94%, Validation F1 Score: 0.74
2025-03-05 03:22:13,324 [INFO] Epoch 15, Loss: 0.042176952722537166, Accuracy: 98.65%, F1 Score: 0.99, Validation Loss: 0.8767568525813875, Validation Accuracy: 74.50%, Validation F1 Score: 0.75
2025-03-05 03:22:13,796 [INFO] Epoch 16, Loss: 0.07907052639433566, Accuracy: 97.21%, F1 Score: 0.97, Validation Loss: 0.8513096670309702, Validation Accuracy: 74.20%, Validation F1 Score: 0.74
2025-03-05 03:22:14,272 [INFO] Epoch 17, Loss: 0.11156760435551405, Accuracy: 96.65%, F1 Score: 0.97, Validation Loss: 0.93295099905559, Validation Accuracy: 72.33%, Validation F1 Score: 0.72
2025-03-05 03:22:14,811 [INFO] Epoch 18, Loss: 0.05849761691163568, Accuracy: 98.42%, F1 Score: 0.98, Validation Loss: 0.8934797715573084, Validation Accuracy: 75.09%, Validation F1 Score: 0.75
2025-03-05 03:22:15,285 [INFO] Epoch 19, Loss: 0.05833487201701192, Accuracy: 97.49%, F1 Score: 0.97, Validation Loss: 0.8404807689644042, Validation Accuracy: 75.62%, Validation F1 Score: 0.75
2025-03-05 03:22:15,758 [INFO] Epoch 20, Loss: 0.027071943698341355, Accuracy: 99.54%, F1 Score: 1.00, Validation Loss: 0.8737579754420689, Validation Accuracy: 76.29%, Validation F1 Score: 0.75
2025-03-05 03:22:15,758 [INFO] Training completed.
2025-03-05 03:22:15,832 [INFO] Model weights saved to /home/amr/PycharmProjects/volleyball/utils/../trained_models/b4_weights.pth
