2025-01-31 22:27:44,333 [INFO] Extracting train features...
2025-01-31 22:27:44,333 [INFO] Extracting video 1 features...
2025-01-31 22:28:21,608 [INFO] Extracting video 3 features...
2025-01-31 22:28:57,857 [INFO] Extracting video 6 features...
2025-01-31 22:29:20,265 [INFO] Extracting video 7 features...
2025-01-31 22:29:43,725 [INFO] Extracting video 10 features...
2025-01-31 22:30:06,428 [INFO] Extracting video 13 features...
2025-01-31 22:30:28,311 [INFO] Extracting video 15 features...
2025-01-31 22:30:50,362 [INFO] Extracting video 16 features...
2025-01-31 22:31:11,621 [INFO] Extracting video 18 features...
2025-01-31 22:31:33,396 [INFO] Extracting video 22 features...
2025-01-31 22:31:53,066 [INFO] Extracting video 23 features...
2025-01-31 22:32:13,263 [INFO] Extracting video 31 features...
2025-01-31 22:32:33,920 [INFO] Extracting video 32 features...
2025-01-31 22:32:54,616 [INFO] Extracting video 36 features...
2025-01-31 22:33:15,609 [INFO] Extracting video 38 features...
2025-01-31 22:33:46,845 [INFO] Extracting video 39 features...
2025-01-31 22:33:57,718 [INFO] Extracting video 40 features...
2025-01-31 22:34:19,488 [INFO] Extracting video 41 features...
2025-01-31 22:34:33,760 [INFO] Extracting video 42 features...
2025-01-31 22:34:52,407 [INFO] Extracting video 48 features...
2025-01-31 22:35:08,141 [INFO] Extracting video 50 features...
2025-01-31 22:35:23,465 [INFO] Extracting video 52 features...
2025-01-31 22:35:41,018 [INFO] Extracting video 53 features...
2025-01-31 22:35:51,563 [INFO] Extracting video 54 features...
2025-01-31 22:36:17,169 [INFO] Saved 24 train videos to /media/amr/Extra/ML & DL/DL/projects/volleyball/features/train_features.pkl
2025-01-31 22:36:17,169 [INFO] Extracting val features...
2025-01-31 22:36:17,171 [INFO] Extracting video 0 features...
2025-01-31 22:36:51,745 [INFO] Extracting video 2 features...
2025-01-31 22:37:13,480 [INFO] Extracting video 8 features...
2025-01-31 22:37:38,498 [INFO] Extracting video 12 features...
2025-01-31 22:38:01,026 [INFO] Extracting video 17 features...
2025-01-31 22:38:21,720 [INFO] Extracting video 19 features...
2025-01-31 22:38:38,315 [INFO] Extracting video 24 features...
2025-01-31 22:38:57,687 [INFO] Extracting video 26 features...
2025-01-31 22:39:16,343 [INFO] Extracting video 27 features...
2025-01-31 22:39:36,043 [INFO] Extracting video 28 features...
2025-01-31 22:39:57,760 [INFO] Extracting video 30 features...
2025-01-31 22:40:20,607 [INFO] Extracting video 33 features...
2025-01-31 22:40:40,430 [INFO] Extracting video 46 features...
2025-01-31 22:40:55,060 [INFO] Extracting video 49 features...
2025-01-31 22:41:10,073 [INFO] Extracting video 51 features...
2025-01-31 22:41:27,090 [INFO] Saved 15 val videos to /media/amr/Extra/ML & DL/DL/projects/volleyball/features/val_features.pkl
2025-01-31 22:41:27,090 [INFO] Extracting test features...
2025-01-31 22:41:27,091 [INFO] Extracting video 4 features...
2025-01-31 22:41:52,323 [INFO] Extracting video 5 features...
2025-01-31 22:42:16,718 [INFO] Extracting video 9 features...
2025-01-31 22:42:38,854 [INFO] Extracting video 11 features...
2025-01-31 22:43:01,141 [INFO] Extracting video 14 features...
2025-01-31 22:43:24,573 [INFO] Extracting video 20 features...
2025-01-31 22:43:46,733 [INFO] Extracting video 21 features...
2025-01-31 22:44:05,628 [INFO] Extracting video 25 features...
2025-01-31 22:44:26,444 [INFO] Extracting video 29 features...
2025-01-31 22:44:46,040 [INFO] Extracting video 34 features...
2025-01-31 22:45:00,314 [INFO] Extracting video 35 features...
2025-01-31 22:45:19,037 [INFO] Extracting video 37 features...
2025-01-31 22:45:33,497 [INFO] Extracting video 43 features...
2025-01-31 22:45:50,412 [INFO] Extracting video 44 features...
2025-01-31 22:46:13,221 [INFO] Extracting video 45 features...
2025-01-31 22:46:26,641 [INFO] Extracting video 47 features...
2025-01-31 22:46:42,616 [INFO] Saved 16 test videos to /media/amr/Extra/ML & DL/DL/projects/volleyball/features/test_features.pkl
